<?xml version="1.0" encoding="utf-8"?><testsuites name="pytest tests"><testsuite name="pytest" errors="0" failures="0" skipped="0" tests="18" time="1.277" timestamp="2026-01-26T06:03:04.223156+00:00" hostname="agent-env-c9b4f579-33a0-443c-a7c1-34e6ee028b6e"><testcase classname="backend.tests.test_document_shop.TestDocumentShopAPI" name="test_document_shop_returns_200" time="0.064" /><testcase classname="backend.tests.test_document_shop.TestDocumentShopAPI" name="test_document_shop_returns_6_products" time="0.040" /><testcase classname="backend.tests.test_document_shop.TestDocumentShopAPI" name="test_document_shop_product_structure" time="0.039" /><testcase classname="backend.tests.test_document_shop.TestDocumentShopAPI" name="test_document_shop_product_prices" time="0.040" /><testcase classname="backend.tests.test_document_shop.TestDocumentShopAPI" name="test_document_shop_scope_labels" time="0.036" /><testcase classname="backend.tests.test_document_shop.TestDocumentShopAPI" name="test_document_shop_categories" time="0.041" /><testcase classname="backend.tests.test_document_shop.TestDocumentShopAPI" name="test_document_shop_total_price" time="0.043" /><testcase classname="backend.tests.test_document_shop.TestLocationStatusAPI" name="test_location_status_nc_allowed" time="0.039" /><testcase classname="backend.tests.test_document_shop.TestLocationStatusAPI" name="test_location_status_ca_conditions" time="0.038" /><testcase classname="backend.tests.test_document_shop.TestLocationStatusAPI" name="test_location_status_tx_allowed" time="0.036" /><testcase classname="backend.tests.test_document_shop.TestLocationStatusAPI" name="test_location_status_ny_conditions" time="0.038" /><testcase classname="backend.tests.test_document_shop.TestLocationStatusAPI" name="test_location_status_unknown_state" time="0.039" /><testcase classname="backend.tests.test_document_shop.TestLocationStatusAPI" name="test_location_status_response_structure" time="0.040" /><testcase classname="backend.tests.test_document_shop.TestDocumentCheckoutAPI" name="test_checkout_document_valid_product" time="0.400" /><testcase classname="backend.tests.test_document_shop.TestDocumentCheckoutAPI" name="test_checkout_document_invalid_product" time="0.036" /><testcase classname="backend.tests.test_document_shop.TestDashboardDocumentShopCTA" name="test_magic_link_request" time="0.038" /><testcase classname="backend.tests.test_document_shop.TestDashboardDocumentShopCTA" name="test_user_dashboard_accessible" time="0.163" /><testcase classname="backend.tests.test_document_shop.TestTemplatesPageDocumentShopCTA" name="test_templates_endpoint" time="0.037" /></testsuite></testsuites>