<?xml version="1.0" encoding="utf-8"?><testsuites name="pytest tests"><testsuite name="pytest" errors="0" failures="0" skipped="0" tests="23" time="3.641" timestamp="2026-01-25T22:26:02.452388+00:00" hostname="agent-env-c9b4f579-33a0-443c-a7c1-34e6ee028b6e"><testcase classname="backend.tests.test_paywall.TestDashboardPaywallInfo" name="test_dashboard_returns_paywall_info" time="0.176" /><testcase classname="backend.tests.test_paywall.TestDashboardPaywallInfo" name="test_dashboard_returns_state_access_info" time="0.160" /><testcase classname="backend.tests.test_paywall.TestDashboardPaywallInfo" name="test_dashboard_returns_selected_state_populated_status" time="0.163" /><testcase classname="backend.tests.test_paywall.TestUserAccessEndpoint" name="test_access_endpoint_for_populated_state" time="0.144" /><testcase classname="backend.tests.test_paywall.TestUserAccessEndpoint" name="test_access_endpoint_for_unpopulated_state" time="0.141" /><testcase classname="backend.tests.test_paywall.TestUserAccessEndpoint" name="test_access_endpoint_requires_auth" time="0.032" /><testcase classname="backend.tests.test_paywall.TestStateCheckoutEndpoint" name="test_checkout_creates_stripe_session_for_populated_state" time="0.527" /><testcase classname="backend.tests.test_paywall.TestStateCheckoutEndpoint" name="test_checkout_rejects_unpopulated_state" time="0.141" /><testcase classname="backend.tests.test_paywall.TestStateCheckoutEndpoint" name="test_checkout_rejects_invalid_state" time="0.148" /><testcase classname="backend.tests.test_paywall.TestStateCheckoutEndpoint" name="test_checkout_requires_auth" time="0.036" /><testcase classname="backend.tests.test_paywall.TestUnpopulatedStatesFreeAccess" name="test_unpopulated_states_have_free_access[AL]" time="0.152" /><testcase classname="backend.tests.test_paywall.TestUnpopulatedStatesFreeAccess" name="test_unpopulated_states_have_free_access[AK]" time="0.149" /><testcase classname="backend.tests.test_paywall.TestUnpopulatedStatesFreeAccess" name="test_unpopulated_states_have_free_access[CO]" time="0.156" /><testcase classname="backend.tests.test_paywall.TestUnpopulatedStatesFreeAccess" name="test_unpopulated_states_have_free_access[HI]" time="0.143" /><testcase classname="backend.tests.test_paywall.TestUnpopulatedStatesFreeAccess" name="test_unpopulated_states_have_free_access[MT]" time="0.150" /><testcase classname="backend.tests.test_paywall.TestUnpopulatedStatesFreeAccess" name="test_unpopulated_states_have_free_access[WY]" time="0.186" /><testcase classname="backend.tests.test_paywall.TestPopulatedStatesRequirePurchase" name="test_populated_states_require_purchase[NC]" time="0.147" /><testcase classname="backend.tests.test_paywall.TestPopulatedStatesRequirePurchase" name="test_populated_states_require_purchase[TX]" time="0.144" /><testcase classname="backend.tests.test_paywall.TestPopulatedStatesRequirePurchase" name="test_populated_states_require_purchase[CA]" time="0.144" /><testcase classname="backend.tests.test_paywall.TestPopulatedStatesRequirePurchase" name="test_populated_states_require_purchase[FL]" time="0.148" /><testcase classname="backend.tests.test_paywall.TestPopulatedStatesRequirePurchase" name="test_populated_states_require_purchase[NY]" time="0.141" /><testcase classname="backend.tests.test_paywall.TestStatesEndpoint" name="test_states_list_includes_populated_status" time="0.037" /><testcase classname="backend.tests.test_paywall.TestFreeStepsAccess" name="test_free_steps_accessible_without_purchase" time="0.222" /></testsuite></testsuites>