<?xml version="1.0" encoding="utf-8"?><testsuites name="pytest tests"><testsuite name="pytest" errors="0" failures="0" skipped="0" tests="20" time="2.138" timestamp="2026-01-25T19:46:59.704837+00:00" hostname="agent-env-3312edcc-5043-4048-80d4-672e09a7b03b"><testcase classname="backend.tests.test_auth_and_user.TestAdminAuthentication" name="test_admin_login_success" time="0.104" /><testcase classname="backend.tests.test_auth_and_user.TestAdminAuthentication" name="test_admin_login_invalid_password" time="0.038" /><testcase classname="backend.tests.test_auth_and_user.TestAdminAuthentication" name="test_admin_login_invalid_username" time="0.040" /><testcase classname="backend.tests.test_auth_and_user.TestAdminAuthentication" name="test_admin_endpoints_require_auth" time="0.154" /><testcase classname="backend.tests.test_auth_and_user.TestAdminAuthentication" name="test_admin_endpoints_with_valid_token" time="0.224" /><testcase classname="backend.tests.test_auth_and_user.TestAdminAuthentication" name="test_admin_endpoints_with_invalid_token" time="0.040" /><testcase classname="backend.tests.test_auth_and_user.TestUserMagicLinkAuth" name="test_request_magic_link_new_user" time="0.039" /><testcase classname="backend.tests.test_auth_and_user.TestUserMagicLinkAuth" name="test_request_magic_link_existing_user" time="0.038" /><testcase classname="backend.tests.test_auth_and_user.TestUserMagicLinkAuth" name="test_verify_magic_link_valid_token" time="0.074" /><testcase classname="backend.tests.test_auth_and_user.TestUserMagicLinkAuth" name="test_verify_magic_link_invalid_token" time="0.068" /><testcase classname="backend.tests.test_auth_and_user.TestUserMagicLinkAuth" name="test_verify_magic_link_used_token" time="0.157" /><testcase classname="backend.tests.test_auth_and_user.TestUserOnboarding" name="test_complete_onboarding" time="0.118" /><testcase classname="backend.tests.test_auth_and_user.TestUserOnboarding" name="test_onboarding_requires_auth" time="0.033" /><testcase classname="backend.tests.test_auth_and_user.TestUserOnboarding" name="test_get_user_profile_after_onboarding" time="0.163" /><testcase classname="backend.tests.test_auth_and_user.TestUserDashboard" name="test_get_user_dashboard" time="0.156" /><testcase classname="backend.tests.test_auth_and_user.TestUserDashboard" name="test_dashboard_requires_auth" time="0.039" /><testcase classname="backend.tests.test_auth_and_user.TestUserProgress" name="test_update_progress" time="0.193" /><testcase classname="backend.tests.test_auth_and_user.TestUserProgress" name="test_get_progress" time="0.190" /><testcase classname="backend.tests.test_auth_and_user.TestUserProgress" name="test_progress_requires_auth" time="0.072" /><testcase classname="backend.tests.test_auth_and_user.TestRateLimiting" name="test_rate_limiting_locks_after_failures" time="0.141" /></testsuite></testsuites>