<?xml version="1.0" encoding="utf-8"?><testsuites name="pytest tests"><testsuite name="pytest" errors="0" failures="0" skipped="0" tests="21" time="1.613" timestamp="2026-01-30T17:46:53.619224+00:00" hostname="agent-env-78daa729-2edb-402b-991b-72bd533f3cb7"><testcase classname="backend.tests.test_agency_and_credentials.TestHealthCheck" name="test_api_health" time="0.065" /><testcase classname="backend.tests.test_agency_and_credentials.TestAgencyManagement" name="test_create_provider_inquiry" time="0.038" /><testcase classname="backend.tests.test_agency_and_credentials.TestAgencyManagement" name="test_approve_agency" time="0.114" /><testcase classname="backend.tests.test_agency_and_credentials.TestAgencyManagement" name="test_suspend_agency" time="0.153" /><testcase classname="backend.tests.test_agency_and_credentials.TestAgencyManagement" name="test_reinstate_suspended_agency" time="0.149" /><testcase classname="backend.tests.test_agency_and_credentials.TestAgencyManagement" name="test_invalid_status_update" time="0.075" /><testcase classname="backend.tests.test_agency_and_credentials.TestAgencyManagement" name="test_update_nonexistent_agency" time="0.037" /><testcase classname="backend.tests.test_agency_and_credentials.TestAgencyManagement" name="test_get_all_provider_inquiries" time="0.038" /><testcase classname="backend.tests.test_agency_and_credentials.TestCredentialDocumentUpload" name="test_upload_pdf_document" time="0.036" /><testcase classname="backend.tests.test_agency_and_credentials.TestCredentialDocumentUpload" name="test_upload_image_document" time="0.039" /><testcase classname="backend.tests.test_agency_and_credentials.TestCredentialDocumentUpload" name="test_get_organization_documents" time="0.068" /><testcase classname="backend.tests.test_agency_and_credentials.TestCredentialDocumentUpload" name="test_upload_invalid_file_type" time="0.041" /><testcase classname="backend.tests.test_agency_and_credentials.TestCredentialDocumentUpload" name="test_download_document" time="0.075" /><testcase classname="backend.tests.test_agency_and_credentials.TestCredentialDocumentUpload" name="test_download_nonexistent_document" time="0.034" /><testcase classname="backend.tests.test_agency_and_credentials.TestCredentialDocumentUpload" name="test_delete_document" time="0.151" /><testcase classname="backend.tests.test_agency_and_credentials.TestHousingInterest" name="test_create_housing_interest" time="0.044" /><testcase classname="backend.tests.test_agency_and_credentials.TestHousingInterest" name="test_get_housing_interests" time="0.035" /><testcase classname="backend.tests.test_agency_and_credentials.TestHousingInterest" name="test_update_housing_interest_status" time="0.181" /><testcase classname="backend.tests.test_agency_and_credentials.TestHousingInterest" name="test_export_housing_interest_csv" time="0.034" /><testcase classname="backend.tests.test_agency_and_credentials.TestProviderCredentials" name="test_save_provider_credentials" time="0.046" /><testcase classname="backend.tests.test_agency_and_credentials.TestProviderCredentials" name="test_get_provider_credentials" time="0.034" /></testsuite></testsuites>